<?xml version="1.0" encoding="UTF-8"?>
<testng-results skipped="0" failed="0" total="2" passed="2">
  <reporter-output>
  </reporter-output>
  <suite name="Suite" duration-ms="24795" started-at="2017-06-22T14:53:28Z" finished-at="2017-06-22T14:53:53Z">
    <groups>
    </groups>
    <test name="Test" duration-ms="24795" started-at="2017-06-22T14:53:28Z" finished-at="2017-06-22T14:53:53Z">
      <class name="testCases.TC001_intro">
        <test-method status="PASS" signature="setValues()[pri:0, instance:testCases.TC001_intro@1610302]" name="setValues" is-config="true" duration-ms="0" started-at="2017-06-22T20:23:28Z" finished-at="2017-06-22T20:23:28Z">
          <reporter-output>
          </reporter-output>
        </test-method> <!-- setValues -->
        <test-method status="PASS" signature="beforeMethod()[pri:0, instance:testCases.TC001_intro@1610302]" name="beforeMethod" is-config="true" duration-ms="19702" started-at="2017-06-22T20:23:28Z" finished-at="2017-06-22T20:23:48Z">
          <reporter-output>
          </reporter-output>
        </test-method> <!-- beforeMethod -->
        <test-method status="PASS" signature="intropagelanding()[pri:0, instance:testCases.TC001_intro@1610302]" name="intropagelanding" duration-ms="3215" started-at="2017-06-22T20:23:48Z" finished-at="2017-06-22T20:23:51Z">
          <reporter-output>
          </reporter-output>
        </test-method> <!-- intropagelanding -->
        <test-method status="PASS" signature="afterMethod()[pri:0, instance:testCases.TC001_intro@1610302]" name="afterMethod" is-config="true" duration-ms="1824" started-at="2017-06-22T20:23:51Z" finished-at="2017-06-22T20:23:53Z">
          <reporter-output>
          </reporter-output>
        </test-method> <!-- afterMethod -->
      </class> <!-- testCases.TC001_intro -->
      <class name="testCases.TC001_HomePage">
        <test-method status="PASS" signature="beforeSuite()[pri:0, instance:testCases.TC001_HomePage@4fe44c]" name="beforeSuite" is-config="true" duration-ms="231" started-at="2017-06-22T20:23:28Z" finished-at="2017-06-22T20:23:28Z">
          <reporter-output>
          </reporter-output>
        </test-method> <!-- beforeSuite -->
        <test-method status="PASS" signature="beforeTest()[pri:0, instance:testCases.TC001_HomePage@4fe44c]" name="beforeTest" is-config="true" duration-ms="0" started-at="2017-06-22T20:23:28Z" finished-at="2017-06-22T20:23:28Z">
          <reporter-output>
          </reporter-output>
        </test-method> <!-- beforeTest -->
        <test-method status="PASS" signature="setValues()[pri:0, instance:testCases.TC001_HomePage@4fe44c]" name="setValues" is-config="true" duration-ms="1" started-at="2017-06-22T20:23:28Z" finished-at="2017-06-22T20:23:28Z">
          <reporter-output>
          </reporter-output>
        </test-method> <!-- setValues -->
        <test-method status="PASS" signature="beforeMethod()[pri:0, instance:testCases.TC001_HomePage@4fe44c]" name="beforeMethod" is-config="true" duration-ms="20359" started-at="2017-06-22T20:23:28Z" finished-at="2017-06-22T20:23:48Z">
          <reporter-output>
          </reporter-output>
        </test-method> <!-- beforeMethod -->
        <test-method status="PASS" signature="intropagelanding()[pri:0, instance:testCases.TC001_HomePage@4fe44c]" name="intropagelanding" duration-ms="2733" started-at="2017-06-22T20:23:48Z" finished-at="2017-06-22T20:23:51Z">
          <reporter-output>
          </reporter-output>
        </test-method> <!-- intropagelanding -->
        <test-method status="PASS" signature="afterMethod()[pri:0, instance:testCases.TC001_HomePage@4fe44c]" name="afterMethod" is-config="true" duration-ms="1613" started-at="2017-06-22T20:23:51Z" finished-at="2017-06-22T20:23:53Z">
          <reporter-output>
          </reporter-output>
        </test-method> <!-- afterMethod -->
        <test-method status="PASS" signature="afterTest()[pri:0, instance:testCases.TC001_HomePage@4fe44c]" name="afterTest" is-config="true" duration-ms="0" started-at="2017-06-22T20:23:53Z" finished-at="2017-06-22T20:23:53Z">
          <reporter-output>
          </reporter-output>
        </test-method> <!-- afterTest -->
        <test-method status="PASS" signature="afterSuite()[pri:0, instance:testCases.TC001_HomePage@4fe44c]" name="afterSuite" is-config="true" duration-ms="500" started-at="2017-06-22T20:23:53Z" finished-at="2017-06-22T20:23:53Z">
          <reporter-output>
          </reporter-output>
        </test-method> <!-- afterSuite -->
      </class> <!-- testCases.TC001_HomePage -->
    </test> <!-- Test -->
  </suite> <!-- Suite -->
</testng-results>
