<?xml version="1.0" encoding="UTF-8"?>
<!-- Generated by org.testng.reporters.JUnitXMLReporter -->
<testsuite hostname="Design" name="Test" tests="3" failures="0" timestamp="24 Jun 2017 16:16:41 GMT" time="59.993" errors="0">
  <testcase name="HomePagelanding" time="1.476" classname="testCases.TC001_HomePage"/>
  <testcase name="intropagelanding" time="21.663" classname="testCases.TC003_SearchPage"/>
  <testcase name="intropagelanding" time="1.144" classname="testCases.TC001_intro"/>
</testsuite> <!-- Test -->
